\BOOKMARK [1][-]{section.1}{\376\377\000I\000n\000t\000r\000o\000d\000u\000c\000t\000i\000o\000n}{}% 1
\BOOKMARK [1][-]{section.2}{\376\377\000O\000b\000j\000e\000c\000t\000i\000v\000e\000s}{}% 2
\BOOKMARK [1][-]{section.3}{\376\377\000D\000a\000t\000a\000s\000e\000t\000\040\000D\000e\000s\000c\000r\000i\000p\000t\000i\000o\000n}{}% 3
\BOOKMARK [1][-]{section.4}{\376\377\000D\000a\000t\000a\000s\000e\000t\000\040\000P\000r\000e\000p\000r\000o\000c\000e\000s\000s\000i\000n\000g}{}% 4
\BOOKMARK [2][-]{subsection.4.1}{\376\377\000L\000o\000a\000d\000i\000n\000g\000\040\000t\000h\000e\000\040\000M\000N\000I\000S\000T\000\040\000D\000a\000t\000a\000s\000e\000t}{section.4}% 5
\BOOKMARK [2][-]{subsection.4.2}{\376\377\000D\000i\000s\000p\000l\000a\000y\000i\000n\000g\000\040\000S\000a\000m\000p\000l\000e\000\040\000I\000m\000a\000g\000e\000s}{section.4}% 6
\BOOKMARK [2][-]{subsection.4.3}{\376\377\000N\000o\000r\000m\000a\000l\000i\000z\000a\000t\000i\000o\000n\000\040\000o\000f\000\040\000P\000i\000x\000e\000l\000\040\000V\000a\000l\000u\000e\000s}{section.4}% 7
\BOOKMARK [2][-]{subsection.4.4}{\376\377\000R\000e\000s\000h\000a\000p\000i\000n\000g\000\040\000t\000h\000e\000\040\000D\000a\000t\000a\000s\000e\000t}{section.4}% 8
\BOOKMARK [2][-]{subsection.4.5}{\376\377\000S\000u\000m\000m\000a\000r\000y\000\040\000o\000f\000\040\000t\000h\000e\000\040\000P\000r\000e\000p\000r\000o\000c\000e\000s\000s\000i\000n\000g\000\040\000S\000t\000e\000p\000s}{section.4}% 9
\BOOKMARK [1][-]{section.5}{\376\377\000C\000N\000N\000\040\000A\000r\000c\000h\000i\000t\000e\000c\000t\000u\000r\000e\000\040\000D\000e\000s\000i\000g\000n}{}% 10
\BOOKMARK [2][-]{subsection.5.1}{\376\377\000B\000a\000s\000e\000l\000i\000n\000e\000\040\000C\000N\000N\000\040\000A\000r\000c\000h\000i\000t\000e\000c\000t\000u\000r\000e}{section.5}% 11
\BOOKMARK [2][-]{subsection.5.2}{\376\377\000L\000a\000y\000e\000r\000\040\000D\000e\000s\000c\000r\000i\000p\000t\000i\000o\000n}{section.5}% 12
\BOOKMARK [2][-]{subsection.5.3}{\376\377\000M\000o\000d\000e\000l\000\040\000C\000o\000m\000p\000i\000l\000a\000t\000i\000o\000n}{section.5}% 13
\BOOKMARK [2][-]{subsection.5.4}{\376\377\000B\000a\000s\000e\000l\000i\000n\000e\000\040\000C\000N\000N\000\040\000A\000r\000c\000h\000i\000t\000e\000c\000t\000u\000r\000e\000\040\000S\000u\000m\000m\000a\000r\000y}{section.5}% 14
\BOOKMARK [2][-]{subsection.5.5}{\376\377\000A\000r\000c\000h\000i\000t\000e\000c\000t\000u\000r\000e\000\040\000V\000a\000r\000i\000a\000t\000i\000o\000n\000s}{section.5}% 15
\BOOKMARK [1][-]{section.6}{\376\377\000E\000x\000p\000e\000r\000i\000m\000e\000n\000t\000a\000l\000\040\000S\000e\000t\000u\000p}{}% 16
\BOOKMARK [2][-]{subsection.6.1}{\376\377\000S\000o\000f\000t\000w\000a\000r\000e\000\040\000E\000n\000v\000i\000r\000o\000n\000m\000e\000n\000t}{section.6}% 17
\BOOKMARK [2][-]{subsection.6.2}{\376\377\000H\000a\000r\000d\000w\000a\000r\000e\000\040\000E\000n\000v\000i\000r\000o\000n\000m\000e\000n\000t}{section.6}% 18
\BOOKMARK [2][-]{subsection.6.3}{\376\377\000T\000r\000a\000i\000n\000i\000n\000g\000\040\000C\000o\000n\000f\000i\000g\000u\000r\000a\000t\000i\000o\000n}{section.6}% 19
\BOOKMARK [2][-]{subsection.6.4}{\376\377\000E\000v\000a\000l\000u\000a\000t\000i\000o\000n\000\040\000M\000e\000t\000r\000i\000c\000s}{section.6}% 20
\BOOKMARK [2][-]{subsection.6.5}{\376\377\000E\000x\000p\000e\000r\000i\000m\000e\000n\000t\000a\000l\000\040\000P\000r\000o\000c\000e\000d\000u\000r\000e}{section.6}% 21
\BOOKMARK [1][-]{section.7}{\376\377\000C\000o\000m\000p\000a\000r\000i\000s\000o\000n\000\040\000o\000f\000\040\000C\000N\000N\000\040\000A\000r\000c\000h\000i\000t\000e\000c\000t\000u\000r\000e\000s}{}% 22
\BOOKMARK [1][-]{section.8}{\376\377\000C\000o\000m\000p\000a\000r\000i\000s\000o\000n\000\040\000o\000f\000\040\000K\000e\000r\000n\000e\000l\000\040\000S\000i\000z\000e\000s}{}% 23
\BOOKMARK [1][-]{section.9}{\376\377\000C\000o\000m\000p\000a\000r\000i\000s\000o\000n\000\040\000o\000f\000\040\000C\000o\000n\000v\000o\000l\000u\000t\000i\000o\000n\000\040\000L\000a\000y\000e\000r\000s}{}% 24
\BOOKMARK [1][-]{section.10}{\376\377\000C\000o\000m\000p\000a\000r\000i\000s\000o\000n\000\040\000o\000f\000\040\000O\000p\000t\000i\000m\000i\000z\000e\000r\000s}{}% 25
\BOOKMARK [1][-]{section.11}{\376\377\000C\000o\000m\000p\000a\000r\000i\000s\000o\000n\000\040\000o\000f\000\040\000A\000c\000t\000i\000v\000a\000t\000i\000o\000n\000\040\000F\000u\000n\000c\000t\000i\000o\000n\000s}{}% 26
\BOOKMARK [1][-]{section.12}{\376\377\000T\000r\000a\000i\000n\000i\000n\000g\000\040\000a\000n\000d\000\040\000V\000a\000l\000i\000d\000a\000t\000i\000o\000n\000\040\000R\000e\000s\000u\000l\000t\000s}{}% 27
\BOOKMARK [2][-]{subsection.12.1}{\376\377\000O\000v\000e\000r\000a\000l\000l\000\040\000P\000e\000r\000f\000o\000r\000m\000a\000n\000c\000e\000\040\000C\000o\000m\000p\000a\000r\000i\000s\000o\000n}{section.12}% 28
\BOOKMARK [2][-]{subsection.12.2}{\376\377\000A\000c\000c\000u\000r\000a\000c\000y\000\040\000C\000o\000m\000p\000a\000r\000i\000s\000o\000n}{section.12}% 29
\BOOKMARK [2][-]{subsection.12.3}{\376\377\000L\000o\000s\000s\000\040\000C\000o\000m\000p\000a\000r\000i\000s\000o\000n}{section.12}% 30
\BOOKMARK [2][-]{subsection.12.4}{\376\377\000T\000r\000a\000i\000n\000i\000n\000g\000\040\000T\000i\000m\000e\000\040\000C\000o\000m\000p\000a\000r\000i\000s\000o\000n}{section.12}% 31
\BOOKMARK [2][-]{subsection.12.5}{\376\377\000D\000i\000s\000c\000u\000s\000s\000i\000o\000n}{section.12}% 32
\BOOKMARK [1][-]{section.13}{\376\377\000A\000c\000c\000u\000r\000a\000c\000y\000\040\000a\000n\000d\000\040\000L\000o\000s\000s\000\040\000G\000r\000a\000p\000h\000s}{}% 33
\BOOKMARK [2][-]{subsection.13.1}{\376\377\000T\000r\000a\000i\000n\000i\000n\000g\000\040\000a\000n\000d\000\040\000V\000a\000l\000i\000d\000a\000t\000i\000o\000n\000\040\000A\000c\000c\000u\000r\000a\000c\000y}{section.13}% 34
\BOOKMARK [2][-]{subsection.13.2}{\376\377\000T\000r\000a\000i\000n\000i\000n\000g\000\040\000a\000n\000d\000\040\000V\000a\000l\000i\000d\000a\000t\000i\000o\000n\000\040\000L\000o\000s\000s}{section.13}% 35
\BOOKMARK [2][-]{subsection.13.3}{\376\377\000L\000e\000a\000r\000n\000i\000n\000g\000\040\000B\000e\000h\000a\000v\000i\000o\000u\000r}{section.13}% 36
\BOOKMARK [1][-]{section.14}{\376\377\000C\000o\000n\000f\000u\000s\000i\000o\000n\000\040\000M\000a\000t\000r\000i\000x\000\040\000A\000n\000a\000l\000y\000s\000i\000s}{}% 37
\BOOKMARK [2][-]{subsection.14.1}{\376\377\000C\000o\000n\000f\000u\000s\000i\000o\000n\000\040\000M\000a\000t\000r\000i\000x}{section.14}% 38
\BOOKMARK [2][-]{subsection.14.2}{\376\377\000P\000e\000r\000f\000o\000r\000m\000a\000n\000c\000e\000\040\000I\000n\000t\000e\000r\000p\000r\000e\000t\000a\000t\000i\000o\000n}{section.14}% 39
\BOOKMARK [1][-]{section.15}{\376\377\000M\000i\000s\000c\000l\000a\000s\000s\000i\000f\000i\000c\000a\000t\000i\000o\000n\000\040\000A\000n\000a\000l\000y\000s\000i\000s}{}% 40
\BOOKMARK [2][-]{subsection.15.1}{\376\377\000E\000x\000a\000m\000p\000l\000e\000s\000\040\000o\000f\000\040\000M\000i\000s\000c\000l\000a\000s\000s\000i\000f\000i\000e\000d\000\040\000D\000i\000g\000i\000t\000s}{section.15}% 41
\BOOKMARK [1][-]{section.16}{\376\377\000P\000r\000e\000d\000i\000c\000t\000i\000o\000n\000\040\000R\000e\000s\000u\000l\000t\000s}{}% 42
\BOOKMARK [2][-]{subsection.16.1}{\376\377\000P\000r\000e\000d\000i\000c\000t\000i\000o\000n\000\040\000R\000e\000s\000u\000l\000t\000s}{section.16}% 43
\BOOKMARK [1][-]{section.17}{\376\377\000D\000i\000s\000c\000u\000s\000s\000i\000o\000n}{}% 44
\BOOKMARK [1][-]{section.18}{\376\377\000C\000o\000n\000c\000l\000u\000s\000i\000o\000n}{}% 45
\BOOKMARK [1][-]{section.19}{\376\377\000A\000p\000p\000e\000n\000d\000i\000x}{}% 46
\BOOKMARK [2][-]{subsection.19.1}{\376\377\000A\000p\000p\000e\000n\000d\000i\000x\000\040\000A\000:\000\040\000G\000i\000t\000H\000u\000b\000\040\000R\000e\000p\000o\000s\000i\000t\000o\000r\000y}{section.19}% 47
